<?xml version="1.0" encoding="UTF-8"?>
<!-- Generated by org.testng.reporters.JUnitXMLReporter -->
<testsuite hostname="lenovo" name="Default test" tests="3" failures="0" timestamp="30 Sep 2015 21:24:48 GMT" time="17.816" errors="0">
  <testcase name="f" time="0.005" classname="com.rightmove.test.RightMoveSearch"/>
  <testcase name="f" time="0.001" classname="com.rightmove.test.RightMoveSearch"/>
  <testcase name="testSearch" time="7.986" classname="com.rightmove.test.RightMoveSearch"/>
</testsuite> <!-- Default test -->
